Copyright 1986-2018 Xilinx, Inc. All Rights Reserved.
------------------------------------------------------------------------------------------
| Tool Version : Vivado v.2018.2 (win64) Build 2258646 Thu Jun 14 20:03:12 MDT 2018
| Date         : Sun Jun  4 16:38:39 2023
| Host         : Adams running 64-bit major release  (build 9200)
| Command      : report_control_sets -verbose -file NanoProcessor_control_sets_placed.rpt
| Design       : NanoProcessor
| Device       : xc7a35t
------------------------------------------------------------------------------------------

Control Set Information

Table of Contents
-----------------
1. Summary
2. Histogram
3. Flip-Flop Distribution
4. Detailed Control Set Information

1. Summary
----------

+----------------------------------------------------------+-------+
|                          Status                          | Count |
+----------------------------------------------------------+-------+
| Number of unique control sets                            |     6 |
| Unused register locations in slices containing registers |     6 |
+----------------------------------------------------------+-------+


2. Histogram
------------

+--------+--------------+
| Fanout | Control Sets |
+--------+--------------+
|      6 |            2 |
|      8 |            3 |
|    16+ |            1 |
+--------+--------------+


3. Flip-Flop Distribution
-------------------------

+--------------+-----------------------+------------------------+-----------------+--------------+
| Clock Enable | Synchronous Set/Reset | Asynchronous Set/Reset | Total Registers | Total Slices |
+--------------+-----------------------+------------------------+-----------------+--------------+
| No           | No                    | No                     |              12 |            3 |
| No           | No                    | Yes                    |               0 |            0 |
| No           | Yes                   | No                     |              62 |            8 |
| Yes          | No                    | No                     |              24 |            5 |
| Yes          | No                    | Yes                    |               0 |            0 |
| Yes          | Yes                   | No                     |               0 |            0 |
+--------------+-----------------------+------------------------+-----------------+--------------+


4. Detailed Control Set Information
-----------------------------------

+-------------------+-------------------------------------+--------------------------------+------------------+----------------+
|    Clock Signal   |            Enable Signal            |        Set/Reset Signal        | Slice Load Count | Bel Load Count |
+-------------------+-------------------------------------+--------------------------------+------------------+----------------+
|  slow_clock_0/CLK |                                     |                                |                1 |              6 |
|  Clk_IBUF_BUFG    |                                     |                                |                2 |              6 |
|  slow_clock_0/CLK | Program_Counter_0/Decoded_result[2] |                                |                1 |              8 |
|  slow_clock_0/CLK | Program_Counter_0/Decoded_result[1] |                                |                2 |              8 |
|  slow_clock_0/CLK | Program_Counter_0/Decoded_result[0] |                                |                2 |              8 |
|  Clk_IBUF_BUFG    |                                     | slow_clock_0/count[31]_i_1_n_0 |                8 |             62 |
+-------------------+-------------------------------------+--------------------------------+------------------+----------------+


