#-----------------------------------------------------------
# Vivado v2018.2 (64-bit)
# SW Build 2258646 on Thu Jun 14 20:03:12 MDT 2018
# IP Build 2256618 on Thu Jun 14 22:10:49 MDT 2018
# Start of session at: Sun Jun 11 16:02:48 2023
# Process ID: 6520
# Current directory: C:/Users/rosha/Desktop/Optimized NanoProcessor
# Command line: vivado.exe -gui_launcher_event rodinguilauncherevent24408 C:\Users\rosha\Desktop\Optimized NanoProcessor\Optimized_NanoProcessor.xpr
# Log file: C:/Users/rosha/Desktop/Optimized NanoProcessor/vivado.log
# Journal file: C:/Users/rosha/Desktop/Optimized NanoProcessor\vivado.jou
#-----------------------------------------------------------
start_gui
open_project {C:/Users/rosha/Desktop/Optimized NanoProcessor/Optimized_NanoProcessor.xpr}
Scanning sources...
Finished scanning sources
INFO: [IP_Flow 19-234] Refreshing IP repositories
INFO: [IP_Flow 19-1704] No user IP repositories specified
INFO: [IP_Flow 19-2313] Loaded Vivado IP repository 'C:/Xilinx/Vivado/2018.2/data/ip'.
open_project: Time (s): cpu = 00:00:18 ; elapsed = 00:00:20 . Memory (MB): peak = 966.094 ; gain = 131.445
update_compile_order -fileset sources_1
reset_run synth_1
launch_runs synth_1 -jobs 10
[Sun Jun 11 16:04:50 2023] Launched synth_1...
Run output will be captured here: C:/Users/rosha/Desktop/Optimized NanoProcessor/Optimized_NanoProcessor.runs/synth_1/runme.log
launch_runs impl_1 -jobs 10
[Sun Jun 11 16:05:32 2023] Launched impl_1...
Run output will be captured here: C:/Users/rosha/Desktop/Optimized NanoProcessor/Optimized_NanoProcessor.runs/impl_1/runme.log
launch_runs impl_1 -to_step write_bitstream -jobs 10
[Sun Jun 11 16:06:45 2023] Launched impl_1...
Run output will be captured here: C:/Users/rosha/Desktop/Optimized NanoProcessor/Optimized_NanoProcessor.runs/impl_1/runme.log
open_run impl_1
INFO: [Netlist 29-17] Analyzing 3 Unisim elements for replacement
INFO: [Netlist 29-28] Unisim Transformation completed in 0 CPU seconds
INFO: [Project 1-479] Netlist was created with Vivado 2018.2
INFO: [Device 21-403] Loading part xc7a35tcpg236-1
INFO: [Project 1-570] Preparing netlist for logic optimization
INFO: [Timing 38-478] Restoring timing data from binary archive.
INFO: [Timing 38-479] Binary timing data restore complete.
INFO: [Project 1-856] Restoring constraints from binary archive.
INFO: [Project 1-853] Binary constraint restore complete.
Reading XDEF placement.
Reading placer database...
Reading XDEF routing.
Read XDEF File: Time (s): cpu = 00:00:00 ; elapsed = 00:00:00.148 . Memory (MB): peak = 2536.645 ; gain = 0.000
Restored from archive | CPU: 0.000000 secs | Memory: 0.000000 MB |
Finished XDEF File Restore: Time (s): cpu = 00:00:00 ; elapsed = 00:00:00.150 . Memory (MB): peak = 2536.645 ; gain = 0.000
INFO: [Project 1-111] Unisim Transformation Summary:
No Unisim elements were transformed.

open_run: Time (s): cpu = 00:01:33 ; elapsed = 00:01:38 . Memory (MB): peak = 2662.309 ; gain = 1677.691
exit
INFO: [Common 17-206] Exiting Vivado at Sun Jun 11 16:28:07 2023...
