#-----------------------------------------------------------
# Vivado v2018.2 (64-bit)
# SW Build 2258646 on Thu Jun 14 20:03:12 MDT 2018
# IP Build 2256618 on Thu Jun 14 22:10:49 MDT 2018
# Start of session at: Sun Jun 11 08:50:07 2023
# Process ID: 21172
# Current directory: C:/Users/rosha/Desktop/Optimized NanoProcessor
# Command line: vivado.exe -gui_launcher_event rodinguilauncherevent26468 C:\Users\rosha\Desktop\Optimized NanoProcessor\Optimized_NanoProcessor.xpr
# Log file: C:/Users/rosha/Desktop/Optimized NanoProcessor/vivado.log
# Journal file: C:/Users/rosha/Desktop/Optimized NanoProcessor\vivado.jou
#-----------------------------------------------------------
start_gui
open_project {C:/Users/rosha/Desktop/Optimized NanoProcessor/Optimized_NanoProcessor.xpr}
Scanning sources...
Finished scanning sources
INFO: [IP_Flow 19-234] Refreshing IP repositories
INFO: [IP_Flow 19-1704] No user IP repositories specified
INFO: [IP_Flow 19-2313] Loaded Vivado IP repository 'C:/Xilinx/Vivado/2018.2/data/ip'.
open_project: Time (s): cpu = 00:00:16 ; elapsed = 00:00:15 . Memory (MB): peak = 959.496 ; gain = 125.738
update_compile_order -fileset sources_1
update_compile_order -fileset sources_1
update_compile_order -fileset sources_1
update_compile_order -fileset sources_1
update_compile_order -fileset sources_1
launch_runs synth_1 -jobs 10
[Sun Jun 11 08:53:52 2023] Launched synth_1...
Run output will be captured here: C:/Users/rosha/Desktop/Optimized NanoProcessor/Optimized_NanoProcessor.runs/synth_1/runme.log
launch_runs impl_1 -jobs 10
[Sun Jun 11 08:54:50 2023] Launched impl_1...
Run output will be captured here: C:/Users/rosha/Desktop/Optimized NanoProcessor/Optimized_NanoProcessor.runs/impl_1/runme.log
launch_runs impl_1 -to_step write_bitstream -jobs 10
[Sun Jun 11 08:56:08 2023] Launched impl_1...
Run output will be captured here: C:/Users/rosha/Desktop/Optimized NanoProcessor/Optimized_NanoProcessor.runs/impl_1/runme.log
exit
INFO: [Common 17-206] Exiting Vivado at Sun Jun 11 08:58:29 2023...
